<?xml version="1.0" encoding="UTF-8"?>
<testng-results ignored="4" total="9" passed="4" failed="1" skipped="0">
  <reporter-output>
  </reporter-output>
  <suite started-at="2022-07-20T01:49:12Z" name="MindtekTestNG" finished-at="2022-07-20T01:49:40Z" duration-ms="27851">
    <groups>
      <group name="healthcheck">
        <method signature="SauceDemoAppTests.verifytotalPrice()[pri:3, instance:tests.SauceDemoAppTests@3cd3e762]" name="verifytotalPrice" class="tests.SauceDemoAppTests"/>
      </group> <!-- healthcheck -->
      <group name="totalPrice">
        <method signature="SauceDemoAppTests.verifytotalPrice()[pri:3, instance:tests.SauceDemoAppTests@3cd3e762]" name="verifytotalPrice" class="tests.SauceDemoAppTests"/>
      </group> <!-- totalPrice -->
      <group name="regression">
        <method signature="BlazeDemoTests.verifyFlightDestinations()[pri:0, instance:tests.BlazeDemoTests@179ece50]" name="verifyFlightDestinations" class="tests.BlazeDemoTests"/>
        <method signature="SauceDemoAppTests.verifyLoginPositive()[pri:1, instance:tests.SauceDemoAppTests@3cd3e762]" name="verifyLoginPositive" class="tests.SauceDemoAppTests"/>
        <method signature="SauceDemoAppTests.verifyPriceHighToLow()[pri:2, instance:tests.SauceDemoAppTests@3cd3e762]" name="verifyPriceHighToLow" class="tests.SauceDemoAppTests"/>
        <method signature="SauceDemoAppTests.verifytotalPrice()[pri:3, instance:tests.SauceDemoAppTests@3cd3e762]" name="verifytotalPrice" class="tests.SauceDemoAppTests"/>
        <method signature="SmartbearTests.loginPositive()[pri:0, instance:tests.SmartbearTests@3b0090a4]" name="loginPositive" class="tests.SmartbearTests"/>
      </group> <!-- regression -->
      <group name="itemFilter">
        <method signature="SauceDemoAppTests.verifyPriceHighToLow()[pri:2, instance:tests.SauceDemoAppTests@3cd3e762]" name="verifyPriceHighToLow" class="tests.SauceDemoAppTests"/>
      </group> <!-- itemFilter -->
      <group name="daily">
        <method signature="SauceDemoAppTests.verifytotalPrice()[pri:3, instance:tests.SauceDemoAppTests@3cd3e762]" name="verifytotalPrice" class="tests.SauceDemoAppTests"/>
      </group> <!-- daily -->
      <group name="smoke">
        <method signature="SauceDemoAppTests.verifyLoginPositive()[pri:1, instance:tests.SauceDemoAppTests@3cd3e762]" name="verifyLoginPositive" class="tests.SauceDemoAppTests"/>
        <method signature="SauceDemoAppTests.verifyPriceHighToLow()[pri:2, instance:tests.SauceDemoAppTests@3cd3e762]" name="verifyPriceHighToLow" class="tests.SauceDemoAppTests"/>
        <method signature="SauceDemoAppTests.verifytotalPrice()[pri:3, instance:tests.SauceDemoAppTests@3cd3e762]" name="verifytotalPrice" class="tests.SauceDemoAppTests"/>
      </group> <!-- smoke -->
    </groups>
    <test started-at="2022-07-20T01:49:12Z" name="UI Automation" finished-at="2022-07-20T01:49:40Z" duration-ms="27851">
      <class name="tests.SauceDemoAppTests">
        <test-method is-config="true" signature="setUp()[pri:0, instance:tests.SauceDemoAppTests@3cd3e762]" started-at="2022-07-20T01:49:19Z" name="setUp" finished-at="2022-07-20T01:49:20Z" duration-ms="1558" status="PASS">
          <reporter-output>
          </reporter-output>
        </test-method> <!-- setUp -->
        <test-method signature="verifyLoginPositive()[pri:1, instance:tests.SauceDemoAppTests@3cd3e762]" started-at="2022-07-20T01:49:20Z" name="verifyLoginPositive" finished-at="2022-07-20T01:49:25Z" duration-ms="4942" status="PASS">
          <reporter-output>
          </reporter-output>
        </test-method> <!-- verifyLoginPositive -->
        <test-method is-config="true" signature="tearDown()[pri:0, instance:tests.SauceDemoAppTests@3cd3e762]" started-at="2022-07-20T01:49:25Z" name="tearDown" finished-at="2022-07-20T01:49:25Z" duration-ms="79" status="PASS">
          <reporter-output>
          </reporter-output>
        </test-method> <!-- tearDown -->
        <test-method is-config="true" signature="setUp()[pri:0, instance:tests.SauceDemoAppTests@3cd3e762]" started-at="2022-07-20T01:49:25Z" name="setUp" finished-at="2022-07-20T01:49:27Z" duration-ms="1373" status="PASS">
          <reporter-output>
          </reporter-output>
        </test-method> <!-- setUp -->
        <test-method signature="verifyPriceHighToLow()[pri:2, instance:tests.SauceDemoAppTests@3cd3e762]" started-at="2022-07-20T01:49:27Z" name="verifyPriceHighToLow" finished-at="2022-07-20T01:49:32Z" duration-ms="5660" status="PASS">
          <reporter-output>
          </reporter-output>
        </test-method> <!-- verifyPriceHighToLow -->
        <test-method is-config="true" signature="tearDown()[pri:0, instance:tests.SauceDemoAppTests@3cd3e762]" started-at="2022-07-20T01:49:32Z" name="tearDown" finished-at="2022-07-20T01:49:32Z" duration-ms="80" status="PASS">
          <reporter-output>
          </reporter-output>
        </test-method> <!-- tearDown -->
        <test-method is-config="true" signature="setUp()[pri:0, instance:tests.SauceDemoAppTests@3cd3e762]" started-at="2022-07-20T01:49:32Z" name="setUp" finished-at="2022-07-20T01:49:34Z" duration-ms="1412" status="PASS">
          <reporter-output>
          </reporter-output>
        </test-method> <!-- setUp -->
        <test-method signature="verifytotalPrice()[pri:3, instance:tests.SauceDemoAppTests@3cd3e762]" started-at="2022-07-20T01:49:34Z" name="verifytotalPrice" finished-at="2022-07-20T01:49:40Z" duration-ms="6085" status="PASS">
          <reporter-output>
          </reporter-output>
        </test-method> <!-- verifytotalPrice -->
        <test-method is-config="true" signature="tearDown()[pri:0, instance:tests.SauceDemoAppTests@3cd3e762]" started-at="2022-07-20T01:49:40Z" name="tearDown" finished-at="2022-07-20T01:49:40Z" duration-ms="82" status="PASS">
          <reporter-output>
          </reporter-output>
        </test-method> <!-- tearDown -->
      </class> <!-- tests.SauceDemoAppTests -->
      <class name="tests.SmartbearTests">
        <test-method signature="loginPositive()[pri:0, instance:tests.SmartbearTests@3b0090a4]" started-at="2022-07-20T01:49:19Z" name="loginPositive" finished-at="2022-07-20T01:49:19Z" duration-ms="1" status="FAIL">
          <exception class="java.lang.NullPointerException">
            <full-stacktrace>
              <![CDATA[java.lang.NullPointerException
at tests.SmartbearTests.loginPositive(SmartbearTests.java:45)
at java.base/jdk.internal.reflect.NativeMethodAccessorImpl.invoke0(Native Method)
at java.base/jdk.internal.reflect.NativeMethodAccessorImpl.invoke(NativeMethodAccessorImpl.java:62)
at java.base/jdk.internal.reflect.DelegatingMethodAccessorImpl.invoke(DelegatingMethodAccessorImpl.java:43)
at java.base/java.lang.reflect.Method.invoke(Method.java:566)
at org.testng.internal.MethodInvocationHelper.invokeMethod(MethodInvocationHelper.java:124)
at org.testng.internal.Invoker.invokeMethod(Invoker.java:583)
at org.testng.internal.Invoker.invokeTestMethod(Invoker.java:719)
at org.testng.internal.Invoker.invokeTestMethods(Invoker.java:989)
at org.testng.internal.TestMethodWorker.invokeTestMethods(TestMethodWorker.java:125)
at org.testng.internal.TestMethodWorker.run(TestMethodWorker.java:109)
at org.testng.TestRunner.privateRun(TestRunner.java:648)
at org.testng.TestRunner.run(TestRunner.java:505)
at org.testng.SuiteRunner.runTest(SuiteRunner.java:455)
at org.testng.SuiteRunner.runSequentially(SuiteRunner.java:450)
at org.testng.SuiteRunner.privateRun(SuiteRunner.java:415)
at org.testng.SuiteRunner.run(SuiteRunner.java:364)
at org.testng.SuiteRunnerWorker.runSuite(SuiteRunnerWorker.java:52)
at org.testng.SuiteRunnerWorker.run(SuiteRunnerWorker.java:84)
at org.testng.TestNG.runSuitesSequentially(TestNG.java:1208)
at org.testng.TestNG.runSuitesLocally(TestNG.java:1137)
at org.testng.TestNG.runSuites(TestNG.java:1049)
at org.testng.TestNG.run(TestNG.java:1017)
at org.apache.maven.surefire.testng.TestNGExecutor.run(TestNGExecutor.java:324)
at org.apache.maven.surefire.testng.TestNGXmlTestSuite.execute(TestNGXmlTestSuite.java:74)
at org.apache.maven.surefire.testng.TestNGProvider.invoke(TestNGProvider.java:123)
at org.apache.maven.surefire.booter.ForkedBooter.runSuitesInProcess(ForkedBooter.java:456)
at org.apache.maven.surefire.booter.ForkedBooter.execute(ForkedBooter.java:169)
at org.apache.maven.surefire.booter.ForkedBooter.run(ForkedBooter.java:595)
at org.apache.maven.surefire.booter.ForkedBooter.main(ForkedBooter.java:581)
]]>
            </full-stacktrace>
          </exception> <!-- java.lang.NullPointerException -->
          <reporter-output>
          </reporter-output>
        </test-method> <!-- loginPositive -->
      </class> <!-- tests.SmartbearTests -->
      <class name="tests.BlazeDemoTests">
        <test-method is-config="true" signature="setUp()[pri:0, instance:tests.BlazeDemoTests@179ece50]" started-at="2022-07-20T01:49:12Z" name="setUp" finished-at="2022-07-20T01:49:17Z" duration-ms="4817" status="PASS">
          <reporter-output>
          </reporter-output>
        </test-method> <!-- setUp -->
        <test-method signature="verifyFlightDestinations()[pri:0, instance:tests.BlazeDemoTests@179ece50]" started-at="2022-07-20T01:49:17Z" name="verifyFlightDestinations" finished-at="2022-07-20T01:49:19Z" duration-ms="1652" status="PASS">
          <reporter-output>
          </reporter-output>
        </test-method> <!-- verifyFlightDestinations -->
        <test-method is-config="true" signature="tearDown()[pri:0, instance:tests.BlazeDemoTests@179ece50]" started-at="2022-07-20T01:49:19Z" name="tearDown" finished-at="2022-07-20T01:49:19Z" duration-ms="79" status="PASS">
          <reporter-output>
          </reporter-output>
        </test-method> <!-- tearDown -->
      </class> <!-- tests.BlazeDemoTests -->
    </test> <!-- UI Automation -->
  </suite> <!-- MindtekTestNG -->
</testng-results>
