<?xml version="1.0" encoding="UTF-8"?>
<!-- Generated by org.testng.reporters.JUnitXMLReporter -->
<testsuite ignored="4" hostname="Alinas-MacBook-Pro.local" failures="1" tests="5" name="UI Automation" time="27.851" errors="0" timestamp="20 Jul 2022 01:49:40 GMT">
  <testcase classname="tests.BlazeDemoTests" name="verifyFlightDestinations" time="1.652"/>
  <testcase classname="tests.SmartbearTests" name="loginPositive" time="0.001">
    <failure type="java.lang.NullPointerException">
      <![CDATA[java.lang.NullPointerException
at tests.SmartbearTests.loginPositive(SmartbearTests.java:45)
... Removed 29 stack frames]]>
    </failure>
  </testcase> <!-- loginPositive -->
  <testcase classname="tests.SauceDemoAppTests" name="verifyLoginPositive" time="4.942"/>
  <testcase classname="tests.SauceDemoAppTests" name="verifyPriceHighToLow" time="5.66"/>
  <testcase classname="tests.SauceDemoAppTests" name="verifytotalPrice" time="6.085"/>
  <testcase classname="tests.BlazeDemoTests" name="destinationOfTheWeek" time="0.0">
    <ignored/>
  </testcase> <!-- destinationOfTheWeek -->
  <testcase classname="tests.SmartbearTests" name="loginEmptyCredentials" time="0.0">
    <ignored/>
  </testcase> <!-- loginEmptyCredentials -->
  <testcase classname="tests.SmartbearTests" name="loginNegative" time="0.0">
    <ignored/>
  </testcase> <!-- loginNegative -->
  <testcase classname="tests.SmartbearTests" name="totalAmountPos" time="0.0">
    <ignored/>
  </testcase> <!-- totalAmountPos -->
</testsuite> <!-- UI Automation -->
